#-----------------------------------------------------------
# Vivado v2017.2 (64-bit)
# SW Build 1909853 on Thu Jun 15 18:39:09 MDT 2017
# IP Build 1909766 on Thu Jun 15 19:58:00 MDT 2017
# Start of session at: Mon Dec  4 02:57:17 2017
# Process ID: 13092
# Current directory: C:/Users/l/Desktop/6463ADVHDes/code/project_12
# Command line: vivado.exe -gui_launcher_event rodinguilauncherevent11816 C:\Users\l\Desktop\6463ADVHDes\code\project_12\project_12.xpr
# Log file: C:/Users/l/Desktop/6463ADVHDes/code/project_12/vivado.log
# Journal file: C:/Users/l/Desktop/6463ADVHDes/code/project_12\vivado.jou
#-----------------------------------------------------------
start_gui
open_project C:/Users/l/Desktop/6463ADVHDes/code/project_12/project_12.xpr
Scanning sources...
Finished scanning sources
INFO: [IP_Flow 19-234] Refreshing IP repositories
INFO: [IP_Flow 19-1704] No user IP repositories specified
INFO: [IP_Flow 19-2313] Loaded Vivado IP repository 'C:/Xilinx/Vivado/2017.2/data/ip'.
open_project: Time (s): cpu = 00:00:15 ; elapsed = 00:00:05 . Memory (MB): peak = 772.703 ; gain = 8.523
update_compile_order -fileset sources_1
exit
INFO: [Common 17-206] Exiting Vivado at Mon Dec  4 04:06:33 2017...
