#-----------------------------------------------------------
# Vivado v2017.2 (64-bit)
# SW Build 1909853 on Thu Jun 15 18:39:09 MDT 2017
# IP Build 1909766 on Thu Jun 15 19:58:00 MDT 2017
# Start of session at: Mon Dec  4 04:57:35 2017
# Process ID: 5984
# Current directory: C:/Users/l/Desktop/6463ADVHDes/code/project_14
# Command line: vivado.exe -gui_launcher_event rodinguilauncherevent5636 C:\Users\l\Desktop\6463ADVHDes\code\project_14\project_12.xpr
# Log file: C:/Users/l/Desktop/6463ADVHDes/code/project_14/vivado.log
# Journal file: C:/Users/l/Desktop/6463ADVHDes/code/project_14\vivado.jou
#-----------------------------------------------------------
start_gui
open_project C:/Users/l/Desktop/6463ADVHDes/code/project_14/project_12.xpr
INFO: [Project 1-313] Project file moved from 'C:/Users/l/Desktop/6463ADVHDes/code/project_12' since last save.
Scanning sources...
Finished scanning sources
INFO: [filemgmt 56-1] IPUserFilesDir: Directory not found as 'C:/Users/l/Desktop/6463ADVHDes/code/project_14/project_12.ip_user_files'; using path 'C:/Users/l/Desktop/6463ADVHDes/code/project_12/project_12.ip_user_files' instead.
INFO: [IP_Flow 19-234] Refreshing IP repositories
INFO: [IP_Flow 19-1704] No user IP repositories specified
INFO: [IP_Flow 19-2313] Loaded Vivado IP repository 'C:/Xilinx/Vivado/2017.2/data/ip'.
open_project: Time (s): cpu = 00:00:16 ; elapsed = 00:00:06 . Memory (MB): peak = 804.188 ; gain = 86.801
update_compile_order -fileset sources_1
exit
INFO: [Common 17-206] Exiting Vivado at Mon Dec  4 05:00:30 2017...
