Unable to capture context for thread 7424 in process 10384, can not generate back trace
Unable to capture context for thread 11232 in process 10384, can not generate back trace
Exception at PC 0x00007FFCA21EBB93
Printing stacktrace...

[0]  [0x00007FFCA21EBB93]
[1]  [0x00007FFCA21EBB93]
[2]  [0x00007FFCA21EB4A1]
[3]  [0x00007FFCA21EB3EF]
[4]  [0x00007FFCA21D19FE]
[5]  [0x00007FFCA21D0ED1]
[6]  [0x00007FFCA21D0D76]
[7]  [0x00007FFCA21779F6]
[8]  [0x00007FFCA2167AFB]
[9]  [0x00007FFCA228E90A]
[10]  [0x00007FFCA22A9F87]
[11]  [0x00007FFCA22AA05F]
[12] (BaseThreadInitThunk+0x14) [0x00007FFCDE668364]
[13] (RtlUserThreadStart+0x21) [0x00007FFCDF3370D1]
Done
Exception at PC 0x00007FFCA1EF1A52
Attemped to write at address 0x00007FFCAFFEABA4
Printing stacktrace...

[0]  [0x00007FFCA1EF1A52]
[1]  [0x00007FFCA1EF1A52]
[2]  [0x00007FFCA1EF1AD4]
[3]  [0x00007FFCA2033FF7]
[4]  [0x00007FFCA1F19128]
[5]  [0x00007FFCA21CDFB9]
[6]  [0x00007FFCA239EF23]
[7]  [0x00007FFCA22AB06B]
[8]  [0x00007FFCA22A08AF]
[9]  [0x00007FFCA22A0A32]
[10] (RtlDeactivateActivationContextUnsafeFast+0x1bf) [0x00007FFCDF2FA35F]
[11] (LdrShutdownProcess+0x14b) [0x00007FFCDF2D806B]
[12] (RtlExitUserProcess+0xb4) [0x00007FFCDF2D7D94]
[13] (ExitProcess+0xa) [0x00007FFCDE67CE6A]
[14] (exit+0x85) [0x00007FFCDEC7A4A5]
[15] (initterm_e+0x231) [0x00007FFCDEC7AB01]
[16]  [0x00000000004014CD]
[17]  [0x000000000040151B]
[18] (BaseThreadInitThunk+0x14) [0x00007FFCDE668364]
[19] (RtlUserThreadStart+0x21) [0x00007FFCDF3370D1]
Done
