Unable to capture context for thread 18396 in process 17740, can not generate back trace
Exception at PC 0x00007FFE0797BB93
Printing stacktrace...

[0]  [0x00007FFE0797BB93]
[1]  [0x00007FFE0797BB93]
[2]  [0x00007FFE0797B4A1]
[3]  [0x00007FFE0797B3EF]
[4]  [0x00007FFE079619FE]
[5]  [0x00007FFE07960ED1]
[6]  [0x00007FFE07960D76]
[7]  [0x00007FFE079079F6]
[8]  [0x00007FFE078F7AFB]
[9]  [0x00007FFE07A1E90A]
[10]  [0x00007FFE07A39F87]
[11]  [0x00007FFE07A3A05F]
[12] (BaseThreadInitThunk+0x14) [0x00007FFE3F2C8364]
[13] (RtlUserThreadStart+0x21) [0x00007FFE3FEA70D1]
Done
Exception at PC 0x00007FFE07681A52
Attemped to write at address 0x00007FFE06F8ABA4
Printing stacktrace...

[0]  [0x00007FFE07681A52]
[1]  [0x00007FFE07681A52]
[2]  [0x00007FFE07681AD4]
[3]  [0x00007FFE077C3FF7]
[4]  [0x00007FFE076A9128]
[5]  [0x00007FFE0795DFB9]
[6]  [0x00007FFE07B2EF23]
[7]  [0x00007FFE07A3B06B]
[8]  [0x00007FFE07A308AF]
[9]  [0x00007FFE07A30A32]
[10] (RtlDeactivateActivationContextUnsafeFast+0x1bf) [0x00007FFE3FE6A35F]
[11] (LdrShutdownProcess+0x14b) [0x00007FFE3FE4806B]
[12] (RtlExitUserProcess+0xb4) [0x00007FFE3FE47D94]
[13] (ExitProcess+0xa) [0x00007FFE3F2DCE6A]
[14] (exit+0x85) [0x00007FFE3F58A4A5]
[15] (initterm_e+0x231) [0x00007FFE3F58AB01]
[16]  [0x00000000004014CD]
[17]  [0x000000000040151B]
[18] (BaseThreadInitThunk+0x14) [0x00007FFE3F2C8364]
[19] (RtlUserThreadStart+0x21) [0x00007FFE3FEA70D1]
Done
