Unable to capture context for thread 4628 in process 6532, can not generate back trace
Unable to capture context for thread 2972 in process 6532, can not generate back trace
Exception at PC 0x00007FFCAF22BB93
Printing stacktrace...

[0]  [0x00007FFCAF22BB93]
[1]  [0x00007FFCAF22BB93]
[2]  [0x00007FFCAF22B4A1]
[3]  [0x00007FFCAF22B3EF]
[4]  [0x00007FFCAF2119FE]
[5]  [0x00007FFCAF210ED1]
[6]  [0x00007FFCAF210D76]
[7]  [0x00007FFCAF1B79F6]
[8]  [0x00007FFCAF1A7AFB]
[9]  [0x00007FFCAF2CE90A]
[10]  [0x00007FFCAF2E9F87]
[11]  [0x00007FFCAF2EA05F]
[12] (BaseThreadInitThunk+0x14) [0x00007FFCDE668364]
[13] (RtlUserThreadStart+0x21) [0x00007FFCDF3370D1]
Done
Exception at PC 0x00007FFCAEF31A52
Attemped to write at address 0x00007FFCACF5ABA4
Printing stacktrace...

[0]  [0x00007FFCAEF31A52]
[1]  [0x00007FFCAEF31A52]
[2]  [0x00007FFCAEF31AD4]
[3]  [0x00007FFCAF073FF7]
[4]  [0x00007FFCAEF59128]
[5]  [0x00007FFCAF20DFB9]
[6]  [0x00007FFCAF3DEF23]
[7]  [0x00007FFCAF2EB06B]
[8]  [0x00007FFCAF2E08AF]
[9]  [0x00007FFCAF2E0A32]
[10] (RtlDeactivateActivationContextUnsafeFast+0x1bf) [0x00007FFCDF2FA35F]
[11] (LdrShutdownProcess+0x14b) [0x00007FFCDF2D806B]
[12] (RtlExitUserProcess+0xb4) [0x00007FFCDF2D7D94]
[13] (ExitProcess+0xa) [0x00007FFCDE67CE6A]
[14] (exit+0x85) [0x00007FFCDEC7A4A5]
[15] (initterm_e+0x231) [0x00007FFCDEC7AB01]
[16]  [0x00000000004014CD]
[17]  [0x000000000040151B]
[18] (BaseThreadInitThunk+0x14) [0x00007FFCDE668364]
[19] (RtlUserThreadStart+0x21) [0x00007FFCDF3370D1]
Done
