Unable to capture context for thread 15196 in process 14140, can not generate back trace
Exception at PC 0x00007FFC7A4BBB93
Printing stacktrace...

[0]  [0x00007FFC7A4BBB93]
[1]  [0x00007FFC7A4BBB93]
[2]  [0x00007FFC7A4BB4A1]
[3]  [0x00007FFC7A4BB3EF]
[4]  [0x00007FFC7A4A19FE]
[5]  [0x00007FFC7A4A0ED1]
[6]  [0x00007FFC7A4A0D76]
[7]  [0x00007FFC7A4479F6]
[8]  [0x00007FFC7A437AFB]
[9]  [0x00007FFC7A55E90A]
[10]  [0x00007FFC7A579F87]
[11]  [0x00007FFC7A57A05F]
[12] (BaseThreadInitThunk+0x14) [0x00007FFCDE668364]
[13] (RtlUserThreadStart+0x21) [0x00007FFCDF3370D1]
Done
Exception at PC 0x00007FFC7A1C1A52
Attemped to write at address 0x00007FFCB34AABA4
Printing stacktrace...

[0]  [0x00007FFC7A1C1A52]
[1]  [0x00007FFC7A1C1A52]
[2]  [0x00007FFC7A1C1AD4]
[3]  [0x00007FFC7A303FF7]
[4]  [0x00007FFC7A1E9128]
[5]  [0x00007FFC7A49DFB9]
[6]  [0x00007FFC7A66EF23]
[7]  [0x00007FFC7A57B06B]
[8]  [0x00007FFC7A5708AF]
[9]  [0x00007FFC7A570A32]
[10] (RtlDeactivateActivationContextUnsafeFast+0x1bf) [0x00007FFCDF2FA35F]
[11] (LdrShutdownProcess+0x14b) [0x00007FFCDF2D806B]
[12] (RtlExitUserProcess+0xb4) [0x00007FFCDF2D7D94]
[13] (ExitProcess+0xa) [0x00007FFCDE67CE6A]
[14] (exit+0x85) [0x00007FFCDEC7A4A5]
[15] (initterm_e+0x231) [0x00007FFCDEC7AB01]
[16]  [0x00000000004014CD]
[17]  [0x000000000040151B]
[18] (BaseThreadInitThunk+0x14) [0x00007FFCDE668364]
[19] (RtlUserThreadStart+0x21) [0x00007FFCDF3370D1]
Done
