INFO: [VRFC 10-2263] Analyzing Verilog file "C:/Users/l/Desktop/6463ADVHDes/code/project_12/project_12.sim/sim_1/synth/timing/tb_processor_time_synth.v" into library xil_defaultlib
INFO: [VRFC 10-311] analyzing module RAM64M_UNIQ_BASE_
INFO: [VRFC 10-311] analyzing module RAM64M_HD117
INFO: [VRFC 10-311] analyzing module RAM64M_HD118
INFO: [VRFC 10-311] analyzing module RAM64M_HD119
INFO: [VRFC 10-311] analyzing module RAM64M_HD120
INFO: [VRFC 10-311] analyzing module RAM64M_HD121
INFO: [VRFC 10-311] analyzing module RAM64M_HD122
INFO: [VRFC 10-311] analyzing module RAM64M_HD124
INFO: [VRFC 10-311] analyzing module RAM64M_HD125
INFO: [VRFC 10-311] analyzing module RAM64M_HD126
INFO: [VRFC 10-311] analyzing module RAM64M_HD127
INFO: [VRFC 10-311] analyzing module RAM64M_HD128
INFO: [VRFC 10-311] analyzing module RAM64M_HD129
INFO: [VRFC 10-311] analyzing module RAM64M_HD130
INFO: [VRFC 10-311] analyzing module RAM64M_HD131
INFO: [VRFC 10-311] analyzing module RAM64M_HD132
INFO: [VRFC 10-311] analyzing module RAM64M_HD133
INFO: [VRFC 10-311] analyzing module RAM64M_HD136
INFO: [VRFC 10-311] analyzing module RAM64M_HD137
INFO: [VRFC 10-311] analyzing module RAM64M_HD138
INFO: [VRFC 10-311] analyzing module RAM64M_HD139
INFO: [VRFC 10-311] analyzing module RAM64M_HD140
INFO: [VRFC 10-311] analyzing module RAM64M_HD141
INFO: [VRFC 10-311] analyzing module RAM64M_HD142
INFO: [VRFC 10-311] analyzing module RAM64M_HD143
INFO: [VRFC 10-311] analyzing module RAM64M_HD144
INFO: [VRFC 10-311] analyzing module RAM64M_HD145
INFO: [VRFC 10-311] analyzing module RAM64M_HD148
INFO: [VRFC 10-311] analyzing module RAM64M_HD149
INFO: [VRFC 10-311] analyzing module RAM64M_HD150
INFO: [VRFC 10-311] analyzing module RAM64M_HD151
INFO: [VRFC 10-311] analyzing module RAM64M_HD152
INFO: [VRFC 10-311] analyzing module RAM64M_HD153
INFO: [VRFC 10-311] analyzing module RAM64M_HD154
INFO: [VRFC 10-311] analyzing module RAM64M_HD155
INFO: [VRFC 10-311] analyzing module RAM64M_HD156
INFO: [VRFC 10-311] analyzing module RAM64M_HD157
INFO: [VRFC 10-311] analyzing module RAM64M_HD160
INFO: [VRFC 10-311] analyzing module RAM64M_HD161
INFO: [VRFC 10-311] analyzing module RAM64M_HD162
INFO: [VRFC 10-311] analyzing module RAM64M_HD163
INFO: [VRFC 10-311] analyzing module RAM64M_HD164
INFO: [VRFC 10-311] analyzing module RAM64M_HD165
INFO: [VRFC 10-311] analyzing module RAM64M_HD166
INFO: [VRFC 10-311] analyzing module RAM64M_HD167
INFO: [VRFC 10-311] analyzing module RAM64M_HD168
INFO: [VRFC 10-311] analyzing module RAM64M_HD169
INFO: [VRFC 10-311] analyzing module RAM64M_HD172
INFO: [VRFC 10-311] analyzing module RAM64M_HD173
INFO: [VRFC 10-311] analyzing module RAM64M_HD174
INFO: [VRFC 10-311] analyzing module RAM64X1D_UNIQ_BASE_
INFO: [VRFC 10-311] analyzing module RAM64X1D_HD123
INFO: [VRFC 10-311] analyzing module RAM64X1D_HD134
INFO: [VRFC 10-311] analyzing module RAM64X1D_HD135
INFO: [VRFC 10-311] analyzing module RAM64X1D_HD146
INFO: [VRFC 10-311] analyzing module RAM64X1D_HD147
INFO: [VRFC 10-311] analyzing module RAM64X1D_HD158
INFO: [VRFC 10-311] analyzing module RAM64X1D_HD159
INFO: [VRFC 10-311] analyzing module RAM64X1D_HD170
INFO: [VRFC 10-311] analyzing module RAM64X1D_HD171
INFO: [VRFC 10-311] analyzing module DataMemoryModule
INFO: [VRFC 10-311] analyzing module IM
INFO: [VRFC 10-311] analyzing module PC
INFO: [VRFC 10-311] analyzing module PCMUX
INFO: [VRFC 10-311] analyzing module adder
INFO: [VRFC 10-311] analyzing module adder_1
INFO: [VRFC 10-311] analyzing module clock_divider
INFO: [VRFC 10-311] analyzing module mux
INFO: [VRFC 10-311] analyzing module mux__parameterized1
INFO: [VRFC 10-311] analyzing module mux__parameterized1_0
INFO: [VRFC 10-311] analyzing module rc5_segmentdriver
INFO: [VRFC 10-311] analyzing module registerfile
INFO: [VRFC 10-311] analyzing module top
INFO: [VRFC 10-311] analyzing module topdesign
INFO: [VRFC 10-311] analyzing module glbl
INFO: [VRFC 10-163] Analyzing VHDL file "C:/Users/l/Desktop/6463ADVHDes/code/project_12/project_12.srcs/sources_1/imports/6463processor-ALU/ALU.vhd" into library xil_defaultlib
INFO: [VRFC 10-307] analyzing entity ALU
INFO: [VRFC 10-163] Analyzing VHDL file "C:/Users/l/Desktop/6463ADVHDes/code/project_12/project_12.srcs/sources_1/new/Decoder.vhd" into library xil_defaultlib
INFO: [VRFC 10-307] analyzing entity Decoder
INFO: [VRFC 10-163] Analyzing VHDL file "C:/Users/l/Desktop/6463ADVHDes/code/project_12/project_12.srcs/sources_1/new/IM.vhd" into library xil_defaultlib
INFO: [VRFC 10-307] analyzing entity IM
INFO: [VRFC 10-163] Analyzing VHDL file "C:/Users/l/Desktop/6463ADVHDes/code/project_12/project_12.srcs/sources_1/new/PC.vhd" into library xil_defaultlib
INFO: [VRFC 10-307] analyzing entity PC
INFO: [VRFC 10-163] Analyzing VHDL file "C:/Users/l/Desktop/6463ADVHDes/code/project_12/project_12.srcs/sources_1/new/PCMUX.vhd" into library xil_defaultlib
INFO: [VRFC 10-307] analyzing entity PCMUX
INFO: [VRFC 10-163] Analyzing VHDL file "C:/Users/l/Desktop/6463ADVHDes/code/project_12/project_12.srcs/sources_1/new/adder.vhd" into library xil_defaultlib
INFO: [VRFC 10-307] analyzing entity adder
INFO: [VRFC 10-163] Analyzing VHDL file "C:/Users/l/Desktop/6463ADVHDes/code/project_12/project_12.srcs/sources_1/new/comparator.vhd" into library xil_defaultlib
INFO: [VRFC 10-307] analyzing entity comparator
INFO: [VRFC 10-163] Analyzing VHDL file "C:/Users/l/Desktop/6463ADVHDes/code/project_12/project_12.srcs/sources_1/new/final_pkg.vhd" into library work
INFO: [VRFC 10-163] Analyzing VHDL file "C:/Users/l/Desktop/6463ADVHDes/code/project_12/project_12.srcs/sources_1/imports/new/datamem.vhd" into library work
INFO: [VRFC 10-307] analyzing entity DataMemoryModule
INFO: [VRFC 10-163] Analyzing VHDL file "C:/Users/l/Desktop/6463ADVHDes/code/project_12/project_12.srcs/sources_1/new/mux.vhd" into library xil_defaultlib
INFO: [VRFC 10-307] analyzing entity mux
INFO: [VRFC 10-163] Analyzing VHDL file "C:/Users/l/Desktop/6463ADVHDes/code/project_12/project_12.srcs/sources_1/imports/new/registerfile.vhd" into library work
INFO: [VRFC 10-307] analyzing entity registerfile
INFO: [VRFC 10-163] Analyzing VHDL file "C:/Users/l/Desktop/6463ADVHDes/code/project_12/project_12.srcs/sources_1/new/signextend.vhd" into library xil_defaultlib
INFO: [VRFC 10-307] analyzing entity signextend
INFO: [VRFC 10-163] Analyzing VHDL file "C:/Users/l/Desktop/6463ADVHDes/code/project_12/project_12.srcs/sources_1/imports/new/top.vhd" into library work
INFO: [VRFC 10-307] analyzing entity top
INFO: [VRFC 10-163] Analyzing VHDL file "C:/Users/l/Desktop/6463ADVHDes/code/project_12/project_12.srcs/sources_1/new/tb_t.vhd" into library work
INFO: [VRFC 10-307] analyzing entity tb_processor
