Vivado Simulator 2017.2
Copyright 1986-1999, 2001-2016 Xilinx, Inc. All Rights Reserved.
Running: C:/Xilinx/Vivado/2017.2/bin/unwrapped/win64.o/xelab.exe -wto 4253e82b31da472ea40b36bcc7c0ae83 --debug typical --relax --mt 2 --maxdelay -L xil_defaultlib -L simprims_ver -L secureip --snapshot tb_processor_time_synth -transport_int_delays -pulse_r 0 -pulse_int_r 0 -pulse_e 0 -pulse_int_e 0 xil_defaultlib.tb_processor xil_defaultlib.glbl -log elaborate.log 
Using 2 slave threads.
Starting static elaboration
Completed static elaboration
Starting simulation data flow analysis
Completed simulation data flow analysis
INFO: [XSIM 43-3451] SDF backannotation process started with SDF file "tb_processor_time_synth.sdf", for root module "tb_processor/DUT".
INFO: [XSIM 43-3452] SDF backannotation was successful for SDF file "tb_processor_time_synth.sdf", for root module "tb_processor/DUT".
Time Resolution for simulation is 1ps
Compiling package std.standard
Compiling package std.textio
Compiling package ieee.std_logic_1164
Compiling package vl.vl_types
Compiling module xil_defaultlib.glbl
Compiling module simprims_ver.OBUF
Compiling module simprims_ver.latchsre_ldce
Compiling module simprims_ver.LDCE
Compiling module simprims_ver.CARRY4
Compiling module xil_defaultlib.ALU
Compiling module simprims_ver.BUFG
Compiling module simprims_ver.IBUF
Compiling module simprims_ver.x_lut3_mux8
Compiling module simprims_ver.LUT3
Compiling module simprims_ver.FDRE_default
Compiling module simprims_ver.RAMS64E(RAM_ADDRESS_MASK=2'b11,R...
Compiling module xil_defaultlib.RAM64X1S_UNIQ_BASE_
Compiling module xil_defaultlib.RAM64X1S_HD158
Compiling module xil_defaultlib.RAM64X1S_HD159
Compiling module xil_defaultlib.RAM64X1S_HD160
Compiling module xil_defaultlib.RAM64X1S_HD161
Compiling module xil_defaultlib.RAM64X1S_HD162
Compiling module xil_defaultlib.RAM64X1S_HD163
Compiling module xil_defaultlib.RAM64X1S_HD164
Compiling module xil_defaultlib.RAM64X1S_HD165
Compiling module xil_defaultlib.RAM64X1S_HD166
Compiling module xil_defaultlib.RAM64X1S_HD167
Compiling module xil_defaultlib.RAM64X1S_HD168
Compiling module xil_defaultlib.RAM64X1S_HD169
Compiling module xil_defaultlib.RAM64X1S_HD170
Compiling module xil_defaultlib.RAM64X1S_HD171
Compiling module xil_defaultlib.RAM64X1S_HD172
Compiling module xil_defaultlib.RAM64X1S_HD173
Compiling module xil_defaultlib.RAM64X1S_HD174
Compiling module xil_defaultlib.RAM64X1S_HD175
Compiling module xil_defaultlib.RAM64X1S_HD176
Compiling module xil_defaultlib.RAM64X1S_HD177
Compiling module xil_defaultlib.RAM64X1S_HD178
Compiling module xil_defaultlib.RAM64X1S_HD179
Compiling module xil_defaultlib.RAM64X1S_HD180
Compiling module xil_defaultlib.RAM64X1S_HD181
Compiling module xil_defaultlib.RAM64X1S_HD182
Compiling module xil_defaultlib.RAM64X1S_HD183
Compiling module xil_defaultlib.RAM64X1S_HD184
Compiling module xil_defaultlib.RAM64X1S_HD185
Compiling module xil_defaultlib.RAM64X1S_HD186
Compiling module xil_defaultlib.RAM64X1S_HD187
Compiling module xil_defaultlib.RAM64X1S_HD188
Compiling module xil_defaultlib.DataMemoryModule
Compiling module simprims_ver.LUT5
Compiling module simprims_ver.LUT6
Compiling module simprims_ver.LUT4
Compiling module simprims_ver.x_lut1_mux2
Compiling module simprims_ver.LUT1
Compiling module simprims_ver.x_lut2_mux4
Compiling module simprims_ver.LUT2
Compiling module xil_defaultlib.IM
Compiling module simprims_ver.MUXF8
Compiling module simprims_ver.MUXF7
Compiling module xil_defaultlib.registerfile
Compiling module xil_defaultlib.top
Compiling architecture behavioral of entity xil_defaultlib.tb_processor
Built simulation snapshot tb_processor_time_synth
