INFO: [VRFC 10-2263] Analyzing Verilog file "C:/Users/l/Desktop/6463ADVHDes/code/project_12/project_12.sim/sim_1/synth/timing/tb_processor_time_synth.v" into library xil_defaultlib
INFO: [VRFC 10-311] analyzing module RAM64X1S_UNIQ_BASE_
INFO: [VRFC 10-311] analyzing module RAM64X1S_HD158
INFO: [VRFC 10-311] analyzing module RAM64X1S_HD159
INFO: [VRFC 10-311] analyzing module RAM64X1S_HD160
INFO: [VRFC 10-311] analyzing module RAM64X1S_HD161
INFO: [VRFC 10-311] analyzing module RAM64X1S_HD162
INFO: [VRFC 10-311] analyzing module RAM64X1S_HD163
INFO: [VRFC 10-311] analyzing module RAM64X1S_HD164
INFO: [VRFC 10-311] analyzing module RAM64X1S_HD165
INFO: [VRFC 10-311] analyzing module RAM64X1S_HD166
INFO: [VRFC 10-311] analyzing module RAM64X1S_HD167
INFO: [VRFC 10-311] analyzing module RAM64X1S_HD168
INFO: [VRFC 10-311] analyzing module RAM64X1S_HD169
INFO: [VRFC 10-311] analyzing module RAM64X1S_HD170
INFO: [VRFC 10-311] analyzing module RAM64X1S_HD171
INFO: [VRFC 10-311] analyzing module RAM64X1S_HD172
INFO: [VRFC 10-311] analyzing module RAM64X1S_HD173
INFO: [VRFC 10-311] analyzing module RAM64X1S_HD174
INFO: [VRFC 10-311] analyzing module RAM64X1S_HD175
INFO: [VRFC 10-311] analyzing module RAM64X1S_HD176
INFO: [VRFC 10-311] analyzing module RAM64X1S_HD177
INFO: [VRFC 10-311] analyzing module RAM64X1S_HD178
INFO: [VRFC 10-311] analyzing module RAM64X1S_HD179
INFO: [VRFC 10-311] analyzing module RAM64X1S_HD180
INFO: [VRFC 10-311] analyzing module RAM64X1S_HD181
INFO: [VRFC 10-311] analyzing module RAM64X1S_HD182
INFO: [VRFC 10-311] analyzing module RAM64X1S_HD183
INFO: [VRFC 10-311] analyzing module RAM64X1S_HD184
INFO: [VRFC 10-311] analyzing module RAM64X1S_HD185
INFO: [VRFC 10-311] analyzing module RAM64X1S_HD186
INFO: [VRFC 10-311] analyzing module RAM64X1S_HD187
INFO: [VRFC 10-311] analyzing module RAM64X1S_HD188
INFO: [VRFC 10-311] analyzing module ALU
INFO: [VRFC 10-311] analyzing module DataMemoryModule
INFO: [VRFC 10-311] analyzing module IM
INFO: [VRFC 10-311] analyzing module registerfile
INFO: [VRFC 10-311] analyzing module top
INFO: [VRFC 10-311] analyzing module glbl
